Loaded network: nnet/mnist512.nnet
Testing images/image0
Output: [[-20639.03799519]
 [-14634.03741072]
 [-12670.03007285]
 [-11595.96396992]
 [-22969.9418465 ]
 [-20891.96654561]
 [-26116.91045469]
 [  5844.92584005]
 [-20516.91592912]
 [-10434.46609096]] 
Target--> 7
Norm: 1.0
Problem is Infeasible, Total time:1.289298


Testing images/image1
Output: [[-28837.26442262]
 [-27241.8588014 ]
 [  1028.44392277]
 [-22639.00771056]
 [-49724.22916016]
 [-35386.42164204]
 [-33699.97997765]
 [-40723.59373167]
 [-31689.13001435]
 [-47341.88760527]] 
Target--> 2
Norm: 1.0
Problem is Infeasible, Total time:1.256575


Traceback (most recent call last):
  File "Adversarial_mnist.py", line 49, in <module>
    nn.parse_network(nnet,type = 'mnist')
  File "/home/cpslab/Haitham/projects/MLReluVerify/code/NeuralNetwork.py", line 276, in parse_network
    self.set_weights(W,biases)
  File "/home/cpslab/Haitham/projects/MLReluVerify/code/NeuralNetwork.py", line 176, in set_weights
    self.__compute_sym_bounds()
  File "/home/cpslab/Haitham/projects/MLReluVerify/code/NeuralNetwork.py", line 117, in __compute_sym_bounds
    input_sym,error_vec = input_sym.forward_relu(layer = layer_idx,nonlin_relus = self.nonlin_relus, inact_relus=self.inactive_relus,act_relus= self.active_relus)
  File "/home/cpslab/Haitham/projects/MLReluVerify/code/NeuralNetwork.py", line 308, in forward_relu
    lower_lb = self.concrete_lower_bound(relu_lower_eq, self.interval)
  File "/home/cpslab/Haitham/projects/MLReluVerify/code/NeuralNetwork.py", line 337, in concrete_lower_bound
    p_idx = np.where(equation[:-1] > 0)[0]
KeyboardInterrupt
